2017/09/11 19:05:04 [error] [exception.CException] CException: CAssetManager.basePath "/home/mvial/proyectos/dostercios/src/www/assets" es inválido. Verifique que el directorio exista y tenga permisos de escritura por el proceso que corre el servidor Web. in /home/mvial/proyectos/dostercios/src/lib/yii/framework/web/CAssetManager.php:138
Stack trace:
#0 /home/mvial/proyectos/dostercios/src/lib/yii/framework/web/CAssetManager.php(123): CAssetManager->setBasePath('/home/mvial/pro...')
#1 /home/mvial/proyectos/dostercios/src/lib/yii/framework/web/CAssetManager.php(217): CAssetManager->getBasePath()
#2 /home/mvial/proyectos/dostercios/src/lib/yii/framework/web/CClientScript.php(511): CAssetManager->publish('/home/mvial/pro...')
#3 /home/mvial/proyectos/dostercios/src/lib/yii/framework/web/CClientScript.php(548): CClientScript->getCoreScriptUrl()
#4 /home/mvial/proyectos/dostercios/src/lib/yii/framework/web/CClientScript.php(349): CClientScript->getPackageBaseUrl('jquery')
#5 /home/mvial/proyectos/dostercios/src/lib/yii/framework/web/CClientScript.php(208): CClientScript->renderCoreScripts()
#6 /home/mvial/proyectos/dostercios/src/lib/yii/framework/web/CController.php(351): CClientScript->render('\r\n<!DOCTYPE htm...')
#7 /home/mvial/proyectos/dostercios/src/lib/yii/framework/web/CController.php(788): CController->processOutput('\r\n<!DOCTYPE htm...')
#8 /home/mvial/proyectos/dostercios/src/www/protected/modules/public/controllers/SitioController.php(12): CController->render('inicio')
#9 /home/mvial/proyectos/dostercios/src/lib/yii/framework/web/actions/CInlineAction.php(49): SitioController->actionIndex()
#10 /home/mvial/proyectos/dostercios/src/lib/yii/framework/web/CController.php(308): CInlineAction->runWithParams(Array)
#11 /home/mvial/proyectos/dostercios/src/lib/yii/framework/web/CController.php(286): CController->runAction(Object(CInlineAction))
#12 /home/mvial/proyectos/dostercios/src/lib/yii/framework/web/CController.php(265): CController->runActionWithFilters(Object(CInlineAction), Array)
#13 /home/mvial/proyectos/dostercios/src/lib/yii/framework/web/CWebApplication.php(282): CController->run('')
#14 /home/mvial/proyectos/dostercios/src/lib/yii/framework/web/CWebApplication.php(141): CWebApplication->runController('')
#15 /home/mvial/proyectos/dostercios/src/lib/yii/framework/base/CApplication.php(184): CWebApplication->processRequest()
#16 /home/mvial/proyectos/dostercios/src/www/index.php(17): CApplication->run()
#17 {main}
REQUEST_URI=/
---
2017/09/13 20:17:56 [error] [php] Trying to get property of non-object (/home/mvial/proyectos/dostercios/src/www/protected/modules/public/views/sitio/inicio.php:9)
Stack trace:
#0 /home/mvial/proyectos/dostercios/src/lib/yii/framework/web/CController.php(869): SitioController->renderFile()
#1 /home/mvial/proyectos/dostercios/src/lib/yii/framework/web/CController.php(782): SitioController->renderPartial()
#2 /home/mvial/proyectos/dostercios/src/www/protected/modules/public/controllers/SitioController.php(12): SitioController->render()
#3 /home/mvial/proyectos/dostercios/src/lib/yii/framework/web/actions/CInlineAction.php(49): SitioController->actionIndex()
#4 /home/mvial/proyectos/dostercios/src/lib/yii/framework/web/CController.php(308): CInlineAction->runWithParams()
#5 /home/mvial/proyectos/dostercios/src/lib/yii/framework/web/CController.php(286): SitioController->runAction()
#6 /home/mvial/proyectos/dostercios/src/lib/yii/framework/web/CController.php(265): SitioController->runActionWithFilters()
#7 /home/mvial/proyectos/dostercios/src/lib/yii/framework/web/CWebApplication.php(282): SitioController->run()
#8 /home/mvial/proyectos/dostercios/src/lib/yii/framework/web/CWebApplication.php(141): CWebApplication->runController()
#9 /home/mvial/proyectos/dostercios/src/lib/yii/framework/base/CApplication.php(184): CWebApplication->processRequest()
#10 /home/mvial/proyectos/dostercios/src/www/index.php(20): CWebApplication->run()
REQUEST_URI=/
2017/09/13 20:44:04 [error] [exception.CException] CException: Portada y sus behaviors no tienen un método o closure llamado "orderBy". in /home/mvial/proyectos/dostercios/src/lib/yii/framework/base/CComponent.php:266
Stack trace:
#0 /home/mvial/proyectos/dostercios/src/lib/yii/framework/db/ar/CActiveRecord.php(227): CComponent->__call('orderBy', Array)
#1 /home/mvial/proyectos/dostercios/src/www/protected/modules/public/views/sitio/inicio.php(37): CActiveRecord->__call('orderBy', Array)
#2 /home/mvial/proyectos/dostercios/src/lib/yii/framework/web/CBaseController.php(126): require('/home/mvial/pro...')
#3 /home/mvial/proyectos/dostercios/src/lib/yii/framework/web/CBaseController.php(95): CBaseController->renderInternal('/home/mvial/pro...', NULL, true)
#4 /home/mvial/proyectos/dostercios/src/lib/yii/framework/web/CController.php(869): CBaseController->renderFile('/home/mvial/pro...', NULL, true)
#5 /home/mvial/proyectos/dostercios/src/lib/yii/framework/web/CController.php(782): CController->renderPartial('inicio', NULL, true)
#6 /home/mvial/proyectos/dostercios/src/www/protected/modules/public/controllers/SitioController.php(12): CController->render('inicio')
#7 /home/mvial/proyectos/dostercios/src/lib/yii/framework/web/actions/CInlineAction.php(49): SitioController->actionIndex()
#8 /home/mvial/proyectos/dostercios/src/lib/yii/framework/web/CController.php(308): CInlineAction->runWithParams(Array)
#9 /home/mvial/proyectos/dostercios/src/lib/yii/framework/web/CController.php(286): CController->runAction(Object(CInlineAction))
#10 /home/mvial/proyectos/dostercios/src/lib/yii/framework/web/CController.php(265): CController->runActionWithFilters(Object(CInlineAction), Array)
#11 /home/mvial/proyectos/dostercios/src/lib/yii/framework/web/CWebApplication.php(282): CController->run('')
#12 /home/mvial/proyectos/dostercios/src/lib/yii/framework/web/CWebApplication.php(141): CWebApplication->runController('')
#13 /home/mvial/proyectos/dostercios/src/lib/yii/framework/base/CApplication.php(184): CWebApplication->processRequest()
#14 /home/mvial/proyectos/dostercios/src/www/index.php(20): CApplication->run()
#15 {main}
REQUEST_URI=/
HTTP_REFERER=http://dostercios/admin/parametro/8
---
2017/09/13 21:00:45 [error] [php] unlink(/img/entrevista/72/72_): No such file or directory (/home/mvial/proyectos/dostercios/src/www/protected/models/Entrevista.php:199)
Stack trace:
#0 /home/mvial/proyectos/dostercios/src/lib/yii/framework/db/ar/CActiveRecord.php(809): Entrevista->update()
#1 /home/mvial/proyectos/dostercios/src/www/protected/modules/admin/controllers/EntrevistaController.php(107): Entrevista->save()
#2 unknown(0): EntrevistaController->actionEditar()
#3 /home/mvial/proyectos/dostercios/src/lib/yii/framework/web/actions/CAction.php(109): ReflectionMethod->invokeArgs()
#4 /home/mvial/proyectos/dostercios/src/lib/yii/framework/web/actions/CInlineAction.php(47): CInlineAction->runWithParamsInternal()
#5 /home/mvial/proyectos/dostercios/src/lib/yii/framework/web/CController.php(308): CInlineAction->runWithParams()
#6 /home/mvial/proyectos/dostercios/src/lib/yii/framework/web/filters/CFilterChain.php(133): EntrevistaController->runAction()
#7 /home/mvial/proyectos/dostercios/src/lib/yii/framework/web/filters/CFilter.php(40): CFilterChain->run()
#8 /home/mvial/proyectos/dostercios/src/lib/yii/framework/web/CController.php(1145): CAccessControlFilter->filter()
#9 /home/mvial/proyectos/dostercios/src/lib/yii/framework/web/filters/CInlineFilter.php(58): EntrevistaController->filterAccessControl()
#10 /home/mvial/proyectos/dostercios/src/lib/yii/framework/web/filters/CFilterChain.php(130): CInlineFilter->filter()
#11 /home/mvial/proyectos/dostercios/src/www/protected/modules/admin/components/AdminController.php(38): CFilterChain->run()
#12 /home/mvial/proyectos/dostercios/src/lib/yii/framework/web/filters/CInlineFilter.php(58): EntrevistaController->filterLoadModel()
#13 /home/mvial/proyectos/dostercios/src/lib/yii/framework/web/filters/CFilterChain.php(130): CInlineFilter->filter()
#14 /home/mvial/proyectos/dostercios/src/lib/yii/framework/web/CController.php(291): CFilterChain->run()
#15 /home/mvial/proyectos/dostercios/src/lib/yii/framework/web/CController.php(265): EntrevistaController->runActionWithFilters()
#16 /home/mvial/proyectos/dostercios/src/lib/yii/framework/web/CWebApplication.php(282): EntrevistaController->run()
#17 /home/mvial/proyectos/dostercios/src/lib/yii/framework/web/CWebApplication.php(141): CWebApplication->runController()
#18 /home/mvial/proyectos/dostercios/src/lib/yii/framework/base/CApplication.php(184): CWebApplication->processRequest()
#19 /home/mvial/proyectos/dostercios/src/www/index.php(20): CWebApplication->run()
REQUEST_URI=/admin/entrevista/editar/72
2017/09/13 21:02:04 [error] [php] unlink(/img/entrevista/72/72_): No such file or directory (/home/mvial/proyectos/dostercios/src/www/protected/models/Entrevista.php:199)
Stack trace:
#0 /home/mvial/proyectos/dostercios/src/lib/yii/framework/db/ar/CActiveRecord.php(809): Entrevista->update()
#1 /home/mvial/proyectos/dostercios/src/www/protected/modules/admin/controllers/EntrevistaController.php(107): Entrevista->save()
#2 unknown(0): EntrevistaController->actionEditar()
#3 /home/mvial/proyectos/dostercios/src/lib/yii/framework/web/actions/CAction.php(109): ReflectionMethod->invokeArgs()
#4 /home/mvial/proyectos/dostercios/src/lib/yii/framework/web/actions/CInlineAction.php(47): CInlineAction->runWithParamsInternal()
#5 /home/mvial/proyectos/dostercios/src/lib/yii/framework/web/CController.php(308): CInlineAction->runWithParams()
#6 /home/mvial/proyectos/dostercios/src/lib/yii/framework/web/filters/CFilterChain.php(133): EntrevistaController->runAction()
#7 /home/mvial/proyectos/dostercios/src/lib/yii/framework/web/filters/CFilter.php(40): CFilterChain->run()
#8 /home/mvial/proyectos/dostercios/src/lib/yii/framework/web/CController.php(1145): CAccessControlFilter->filter()
#9 /home/mvial/proyectos/dostercios/src/lib/yii/framework/web/filters/CInlineFilter.php(58): EntrevistaController->filterAccessControl()
#10 /home/mvial/proyectos/dostercios/src/lib/yii/framework/web/filters/CFilterChain.php(130): CInlineFilter->filter()
#11 /home/mvial/proyectos/dostercios/src/www/protected/modules/admin/components/AdminController.php(38): CFilterChain->run()
#12 /home/mvial/proyectos/dostercios/src/lib/yii/framework/web/filters/CInlineFilter.php(58): EntrevistaController->filterLoadModel()
#13 /home/mvial/proyectos/dostercios/src/lib/yii/framework/web/filters/CFilterChain.php(130): CInlineFilter->filter()
#14 /home/mvial/proyectos/dostercios/src/lib/yii/framework/web/CController.php(291): CFilterChain->run()
#15 /home/mvial/proyectos/dostercios/src/lib/yii/framework/web/CController.php(265): EntrevistaController->runActionWithFilters()
#16 /home/mvial/proyectos/dostercios/src/lib/yii/framework/web/CWebApplication.php(282): EntrevistaController->run()
#17 /home/mvial/proyectos/dostercios/src/lib/yii/framework/web/CWebApplication.php(141): CWebApplication->runController()
#18 /home/mvial/proyectos/dostercios/src/lib/yii/framework/base/CApplication.php(184): CWebApplication->processRequest()
#19 /home/mvial/proyectos/dostercios/src/www/index.php(20): CWebApplication->run()
REQUEST_URI=/admin/entrevista/editar/72
2017/09/13 21:05:57 [error] [php] unlink(/img/entrevista/72/72_01_Miniatura.jpg): No such file or directory (/home/mvial/proyectos/dostercios/src/www/protected/models/Entrevista.php:200)
Stack trace:
#0 /home/mvial/proyectos/dostercios/src/lib/yii/framework/db/ar/CActiveRecord.php(809): Entrevista->update()
#1 /home/mvial/proyectos/dostercios/src/www/protected/modules/admin/controllers/EntrevistaController.php(107): Entrevista->save()
#2 unknown(0): EntrevistaController->actionEditar()
#3 /home/mvial/proyectos/dostercios/src/lib/yii/framework/web/actions/CAction.php(109): ReflectionMethod->invokeArgs()
#4 /home/mvial/proyectos/dostercios/src/lib/yii/framework/web/actions/CInlineAction.php(47): CInlineAction->runWithParamsInternal()
#5 /home/mvial/proyectos/dostercios/src/lib/yii/framework/web/CController.php(308): CInlineAction->runWithParams()
#6 /home/mvial/proyectos/dostercios/src/lib/yii/framework/web/filters/CFilterChain.php(133): EntrevistaController->runAction()
#7 /home/mvial/proyectos/dostercios/src/lib/yii/framework/web/filters/CFilter.php(40): CFilterChain->run()
#8 /home/mvial/proyectos/dostercios/src/lib/yii/framework/web/CController.php(1145): CAccessControlFilter->filter()
#9 /home/mvial/proyectos/dostercios/src/lib/yii/framework/web/filters/CInlineFilter.php(58): EntrevistaController->filterAccessControl()
#10 /home/mvial/proyectos/dostercios/src/lib/yii/framework/web/filters/CFilterChain.php(130): CInlineFilter->filter()
#11 /home/mvial/proyectos/dostercios/src/www/protected/modules/admin/components/AdminController.php(38): CFilterChain->run()
#12 /home/mvial/proyectos/dostercios/src/lib/yii/framework/web/filters/CInlineFilter.php(58): EntrevistaController->filterLoadModel()
#13 /home/mvial/proyectos/dostercios/src/lib/yii/framework/web/filters/CFilterChain.php(130): CInlineFilter->filter()
#14 /home/mvial/proyectos/dostercios/src/lib/yii/framework/web/CController.php(291): CFilterChain->run()
#15 /home/mvial/proyectos/dostercios/src/lib/yii/framework/web/CController.php(265): EntrevistaController->runActionWithFilters()
#16 /home/mvial/proyectos/dostercios/src/lib/yii/framework/web/CWebApplication.php(282): EntrevistaController->run()
#17 /home/mvial/proyectos/dostercios/src/lib/yii/framework/web/CWebApplication.php(141): CWebApplication->runController()
#18 /home/mvial/proyectos/dostercios/src/lib/yii/framework/base/CApplication.php(184): CWebApplication->processRequest()
#19 /home/mvial/proyectos/dostercios/src/www/index.php(20): CWebApplication->run()
REQUEST_URI=/admin/entrevista/editar/72
2017/09/13 21:06:36 [error] [php] unlink(/img/entrevista/72/72_01_Miniatura.jpg): No such file or directory (/home/mvial/proyectos/dostercios/src/www/protected/models/Entrevista.php:200)
Stack trace:
#0 /home/mvial/proyectos/dostercios/src/lib/yii/framework/db/ar/CActiveRecord.php(809): Entrevista->update()
#1 /home/mvial/proyectos/dostercios/src/www/protected/modules/admin/controllers/EntrevistaController.php(107): Entrevista->save()
#2 unknown(0): EntrevistaController->actionEditar()
#3 /home/mvial/proyectos/dostercios/src/lib/yii/framework/web/actions/CAction.php(109): ReflectionMethod->invokeArgs()
#4 /home/mvial/proyectos/dostercios/src/lib/yii/framework/web/actions/CInlineAction.php(47): CInlineAction->runWithParamsInternal()
#5 /home/mvial/proyectos/dostercios/src/lib/yii/framework/web/CController.php(308): CInlineAction->runWithParams()
#6 /home/mvial/proyectos/dostercios/src/lib/yii/framework/web/filters/CFilterChain.php(133): EntrevistaController->runAction()
#7 /home/mvial/proyectos/dostercios/src/lib/yii/framework/web/filters/CFilter.php(40): CFilterChain->run()
#8 /home/mvial/proyectos/dostercios/src/lib/yii/framework/web/CController.php(1145): CAccessControlFilter->filter()
#9 /home/mvial/proyectos/dostercios/src/lib/yii/framework/web/filters/CInlineFilter.php(58): EntrevistaController->filterAccessControl()
#10 /home/mvial/proyectos/dostercios/src/lib/yii/framework/web/filters/CFilterChain.php(130): CInlineFilter->filter()
#11 /home/mvial/proyectos/dostercios/src/www/protected/modules/admin/components/AdminController.php(38): CFilterChain->run()
#12 /home/mvial/proyectos/dostercios/src/lib/yii/framework/web/filters/CInlineFilter.php(58): EntrevistaController->filterLoadModel()
#13 /home/mvial/proyectos/dostercios/src/lib/yii/framework/web/filters/CFilterChain.php(130): CInlineFilter->filter()
#14 /home/mvial/proyectos/dostercios/src/lib/yii/framework/web/CController.php(291): CFilterChain->run()
#15 /home/mvial/proyectos/dostercios/src/lib/yii/framework/web/CController.php(265): EntrevistaController->runActionWithFilters()
#16 /home/mvial/proyectos/dostercios/src/lib/yii/framework/web/CWebApplication.php(282): EntrevistaController->run()
#17 /home/mvial/proyectos/dostercios/src/lib/yii/framework/web/CWebApplication.php(141): CWebApplication->runController()
#18 /home/mvial/proyectos/dostercios/src/lib/yii/framework/base/CApplication.php(184): CWebApplication->processRequest()
#19 /home/mvial/proyectos/dostercios/src/www/index.php(20): CWebApplication->run()
REQUEST_URI=/admin/entrevista/editar/72
2017/09/13 21:06:58 [error] [php] unlink(/img/entrevista/72/72_01_Miniatura.jpg): No such file or directory (/home/mvial/proyectos/dostercios/src/www/protected/models/Entrevista.php:200)
Stack trace:
#0 /home/mvial/proyectos/dostercios/src/lib/yii/framework/db/ar/CActiveRecord.php(809): Entrevista->update()
#1 /home/mvial/proyectos/dostercios/src/www/protected/modules/admin/controllers/EntrevistaController.php(107): Entrevista->save()
#2 unknown(0): EntrevistaController->actionEditar()
#3 /home/mvial/proyectos/dostercios/src/lib/yii/framework/web/actions/CAction.php(109): ReflectionMethod->invokeArgs()
#4 /home/mvial/proyectos/dostercios/src/lib/yii/framework/web/actions/CInlineAction.php(47): CInlineAction->runWithParamsInternal()
#5 /home/mvial/proyectos/dostercios/src/lib/yii/framework/web/CController.php(308): CInlineAction->runWithParams()
#6 /home/mvial/proyectos/dostercios/src/lib/yii/framework/web/filters/CFilterChain.php(133): EntrevistaController->runAction()
#7 /home/mvial/proyectos/dostercios/src/lib/yii/framework/web/filters/CFilter.php(40): CFilterChain->run()
#8 /home/mvial/proyectos/dostercios/src/lib/yii/framework/web/CController.php(1145): CAccessControlFilter->filter()
#9 /home/mvial/proyectos/dostercios/src/lib/yii/framework/web/filters/CInlineFilter.php(58): EntrevistaController->filterAccessControl()
#10 /home/mvial/proyectos/dostercios/src/lib/yii/framework/web/filters/CFilterChain.php(130): CInlineFilter->filter()
#11 /home/mvial/proyectos/dostercios/src/www/protected/modules/admin/components/AdminController.php(38): CFilterChain->run()
#12 /home/mvial/proyectos/dostercios/src/lib/yii/framework/web/filters/CInlineFilter.php(58): EntrevistaController->filterLoadModel()
#13 /home/mvial/proyectos/dostercios/src/lib/yii/framework/web/filters/CFilterChain.php(130): CInlineFilter->filter()
#14 /home/mvial/proyectos/dostercios/src/lib/yii/framework/web/CController.php(291): CFilterChain->run()
#15 /home/mvial/proyectos/dostercios/src/lib/yii/framework/web/CController.php(265): EntrevistaController->runActionWithFilters()
#16 /home/mvial/proyectos/dostercios/src/lib/yii/framework/web/CWebApplication.php(282): EntrevistaController->run()
#17 /home/mvial/proyectos/dostercios/src/lib/yii/framework/web/CWebApplication.php(141): CWebApplication->runController()
#18 /home/mvial/proyectos/dostercios/src/lib/yii/framework/base/CApplication.php(184): CWebApplication->processRequest()
#19 /home/mvial/proyectos/dostercios/src/www/index.php(20): CWebApplication->run()
REQUEST_URI=/admin/entrevista/editar/72
2017/09/13 21:10:26 [error] [php] Undefined offset: 1 (/home/mvial/proyectos/dostercios/src/www/protected/extensions/time_helper.php:31)
Stack trace:
#0 /home/mvial/proyectos/dostercios/src/www/protected/models/Entrevista.php(203): Entrevista->afterSave()
#1 /home/mvial/proyectos/dostercios/src/lib/yii/framework/db/ar/CActiveRecord.php(1129): Entrevista->afterSave()
#2 /home/mvial/proyectos/dostercios/src/lib/yii/framework/db/ar/CActiveRecord.php(809): Entrevista->update()
#3 /home/mvial/proyectos/dostercios/src/www/protected/modules/admin/controllers/EntrevistaController.php(107): Entrevista->save()
#4 unknown(0): EntrevistaController->actionEditar()
#5 /home/mvial/proyectos/dostercios/src/lib/yii/framework/web/actions/CAction.php(109): ReflectionMethod->invokeArgs()
#6 /home/mvial/proyectos/dostercios/src/lib/yii/framework/web/actions/CInlineAction.php(47): CInlineAction->runWithParamsInternal()
#7 /home/mvial/proyectos/dostercios/src/lib/yii/framework/web/CController.php(308): CInlineAction->runWithParams()
#8 /home/mvial/proyectos/dostercios/src/lib/yii/framework/web/filters/CFilterChain.php(133): EntrevistaController->runAction()
#9 /home/mvial/proyectos/dostercios/src/lib/yii/framework/web/filters/CFilter.php(40): CFilterChain->run()
#10 /home/mvial/proyectos/dostercios/src/lib/yii/framework/web/CController.php(1145): CAccessControlFilter->filter()
#11 /home/mvial/proyectos/dostercios/src/lib/yii/framework/web/filters/CInlineFilter.php(58): EntrevistaController->filterAccessControl()
#12 /home/mvial/proyectos/dostercios/src/lib/yii/framework/web/filters/CFilterChain.php(130): CInlineFilter->filter()
#13 /home/mvial/proyectos/dostercios/src/www/protected/modules/admin/components/AdminController.php(38): CFilterChain->run()
#14 /home/mvial/proyectos/dostercios/src/lib/yii/framework/web/filters/CInlineFilter.php(58): EntrevistaController->filterLoadModel()
#15 /home/mvial/proyectos/dostercios/src/lib/yii/framework/web/filters/CFilterChain.php(130): CInlineFilter->filter()
#16 /home/mvial/proyectos/dostercios/src/lib/yii/framework/web/CController.php(291): CFilterChain->run()
#17 /home/mvial/proyectos/dostercios/src/lib/yii/framework/web/CController.php(265): EntrevistaController->runActionWithFilters()
#18 /home/mvial/proyectos/dostercios/src/lib/yii/framework/web/CWebApplication.php(282): EntrevistaController->run()
#19 /home/mvial/proyectos/dostercios/src/lib/yii/framework/web/CWebApplication.php(141): CWebApplication->runController()
#20 /home/mvial/proyectos/dostercios/src/lib/yii/framework/base/CApplication.php(184): CWebApplication->processRequest()
#21 /home/mvial/proyectos/dostercios/src/www/index.php(20): CWebApplication->run()
REQUEST_URI=/admin/entrevista/editar/72
2017/09/13 21:13:31 [error] [php] unlink(/var/www/dostercios/img/entrevista/72/72_01_Miniatura.jpg): No such file or directory (/home/mvial/proyectos/dostercios/src/www/protected/models/Entrevista.php:200)
Stack trace:
#0 /home/mvial/proyectos/dostercios/src/lib/yii/framework/db/ar/CActiveRecord.php(809): Entrevista->update()
#1 /home/mvial/proyectos/dostercios/src/www/protected/modules/admin/controllers/EntrevistaController.php(107): Entrevista->save()
#2 unknown(0): EntrevistaController->actionEditar()
#3 /home/mvial/proyectos/dostercios/src/lib/yii/framework/web/actions/CAction.php(109): ReflectionMethod->invokeArgs()
#4 /home/mvial/proyectos/dostercios/src/lib/yii/framework/web/actions/CInlineAction.php(47): CInlineAction->runWithParamsInternal()
#5 /home/mvial/proyectos/dostercios/src/lib/yii/framework/web/CController.php(308): CInlineAction->runWithParams()
#6 /home/mvial/proyectos/dostercios/src/lib/yii/framework/web/filters/CFilterChain.php(133): EntrevistaController->runAction()
#7 /home/mvial/proyectos/dostercios/src/lib/yii/framework/web/filters/CFilter.php(40): CFilterChain->run()
#8 /home/mvial/proyectos/dostercios/src/lib/yii/framework/web/CController.php(1145): CAccessControlFilter->filter()
#9 /home/mvial/proyectos/dostercios/src/lib/yii/framework/web/filters/CInlineFilter.php(58): EntrevistaController->filterAccessControl()
#10 /home/mvial/proyectos/dostercios/src/lib/yii/framework/web/filters/CFilterChain.php(130): CInlineFilter->filter()
#11 /home/mvial/proyectos/dostercios/src/www/protected/modules/admin/components/AdminController.php(38): CFilterChain->run()
#12 /home/mvial/proyectos/dostercios/src/lib/yii/framework/web/filters/CInlineFilter.php(58): EntrevistaController->filterLoadModel()
#13 /home/mvial/proyectos/dostercios/src/lib/yii/framework/web/filters/CFilterChain.php(130): CInlineFilter->filter()
#14 /home/mvial/proyectos/dostercios/src/lib/yii/framework/web/CController.php(291): CFilterChain->run()
#15 /home/mvial/proyectos/dostercios/src/lib/yii/framework/web/CController.php(265): EntrevistaController->runActionWithFilters()
#16 /home/mvial/proyectos/dostercios/src/lib/yii/framework/web/CWebApplication.php(282): EntrevistaController->run()
#17 /home/mvial/proyectos/dostercios/src/lib/yii/framework/web/CWebApplication.php(141): CWebApplication->runController()
#18 /home/mvial/proyectos/dostercios/src/lib/yii/framework/base/CApplication.php(184): CWebApplication->processRequest()
#19 /home/mvial/proyectos/dostercios/src/www/index.php(20): CWebApplication->run()
REQUEST_URI=/admin/entrevista/editar/72
2017/09/13 21:15:28 [warning] [No se pudo eliminar el archivo asociado.] warning
2017/09/13 21:15:38 [warning] [No se pudo eliminar el archivo asociado.] warning
2017/09/13 21:16:37 [warning] [No se pudo eliminar el archivo asociado.] warning
2017/09/13 21:16:50 [warning] [No se pudo eliminar el archivo asociado.] warning
2017/09/13 21:20:19 [warning] [No se pudo eliminar el archivo asociado.] warning
